<?xml version="1.0" encoding="UTF-8"?>
<!-- Generated by org.testng.reporters.JUnitReportReporter -->
<testsuite hostname="LAPTOP-8263G67P" failures="0" tests="1" name="com.qa.testLayer.LogInPageTest" time="10.463" errors="0" timestamp="2022-03-06T15:19:33 IST" skipped="0">
  <testcase classname="com.qa.testLayer.LogInPageTest" name="LoginFunctionality" time="10.463"/>
  <system-out/>
</testsuite> <!-- com.qa.testLayer.LogInPageTest -->
